0 info it worked if it ends with ok
1 verbose cli [ 'C:\\Program Files\\nodejs\\node.exe',
1 verbose cli   'C:\\Program Files\\nodejs\\node_modules\\npm\\bin\\npm-cli.js',
1 verbose cli   'run',
1 verbose cli   'start' ]
2 info using npm@3.9.5
3 info using node@v6.2.2
4 verbose run-script [ 'prestart', 'start', 'poststart' ]
5 info lifecycle angular2-webpack-sample@1.0.0~prestart: angular2-webpack-sample@1.0.0
6 silly lifecycle angular2-webpack-sample@1.0.0~prestart: no script for prestart, continuing
7 info lifecycle angular2-webpack-sample@1.0.0~start: angular2-webpack-sample@1.0.0
8 verbose lifecycle angular2-webpack-sample@1.0.0~start: unsafe-perm in lifecycle true
9 verbose lifecycle angular2-webpack-sample@1.0.0~start: PATH: C:\Program Files\nodejs\node_modules\npm\bin\node-gyp-bin;C:\angular\angular2-webpack-sample\node_modules\.bin;C:\Program Files\nodejs;node_modules\.bin;C:\Users\user\bin;C:\Program Files\Git\mingw64\bin;C:\Program Files\Git\usr\local\bin;C:\Program Files\Git\usr\bin;C:\Program Files\Git\usr\bin;C:\Program Files\Git\mingw64\bin;C:\Program Files\Git\usr\bin;C:\Users\user\bin;C:\ProgramData\Oracle\Java\javapath;C:\Windows\system32;C:\Windows;C:\Windows\System32\Wbem;C:\Windows\System32\WindowsPowerShell\v1.0;C:\Program Files\MongoDB\Server\3.2\bin;C:\xampp\php;C:\ProgramData\ComposerSetup\bin;C:\Program Files (x86)\Microsoft SQL Server\100\Tools\Binn;C:\Program Files\Microsoft SQL Server\100\Tools\Binn;C:\Program Files\Microsoft SQL Server\100\DTS\Binn;C:\Program Files (x86)\GtkSharp\2.12\bin;C:\Program Files (x86)\Brackets\command;C:\Windows\system32\config\systemprofile\.dnx\bin;C:\Program Files\Microsoft DNX\Dnvm;C:\Program Files\Git\cmd;C:\Program Files (x86)\Windows Live\Shared;C:\Program Files\nodejs;C:\jenkins\apache-maven-3.3.9\bin;C:\Users\user\AppData\Local\Programs\Python\Python35-32\Scripts;C:\Users\user\AppData\Local\Programs\Python\Python35-32;C:\Users\user\AppData\Local\atom\bin;C:\Program Files (x86)\Microsoft VS Code\bin;C:\Users\user\AppData\Roaming\npm;C:\Program Files\Docker Toolbox;C:\Program Files\Git\usr\bin\vendor_perl;C:\Program Files\Git\usr\bin\core_perl
10 verbose lifecycle angular2-webpack-sample@1.0.0~start: CWD: C:\angular\angular2-webpack-sample
11 silly lifecycle angular2-webpack-sample@1.0.0~start: Args: [ '/d /s /c',
11 silly lifecycle   'webpack-dev-server --inline --progress --port 8080' ]
12 silly lifecycle angular2-webpack-sample@1.0.0~start: Returned: code: 1  signal: null
13 info lifecycle angular2-webpack-sample@1.0.0~start: Failed to exec start script
14 verbose stack Error: angular2-webpack-sample@1.0.0 start: `webpack-dev-server --inline --progress --port 8080`
14 verbose stack Exit status 1
14 verbose stack     at EventEmitter.<anonymous> (C:\Program Files\nodejs\node_modules\npm\lib\utils\lifecycle.js:245:16)
14 verbose stack     at emitTwo (events.js:106:13)
14 verbose stack     at EventEmitter.emit (events.js:191:7)
14 verbose stack     at ChildProcess.<anonymous> (C:\Program Files\nodejs\node_modules\npm\lib\utils\spawn.js:24:14)
14 verbose stack     at emitTwo (events.js:106:13)
14 verbose stack     at ChildProcess.emit (events.js:191:7)
14 verbose stack     at maybeClose (internal/child_process.js:852:16)
14 verbose stack     at Process.ChildProcess._handle.onexit (internal/child_process.js:215:5)
15 verbose pkgid angular2-webpack-sample@1.0.0
16 verbose cwd C:\angular\angular2-webpack-sample
17 error Windows_NT 10.0.10240
18 error argv "C:\\Program Files\\nodejs\\node.exe" "C:\\Program Files\\nodejs\\node_modules\\npm\\bin\\npm-cli.js" "run" "start"
19 error node v6.2.2
20 error npm  v3.9.5
21 error code ELIFECYCLE
22 error angular2-webpack-sample@1.0.0 start: `webpack-dev-server --inline --progress --port 8080`
22 error Exit status 1
23 error Failed at the angular2-webpack-sample@1.0.0 start script 'webpack-dev-server --inline --progress --port 8080'.
23 error Make sure you have the latest version of node.js and npm installed.
23 error If you do, this is most likely a problem with the angular2-webpack-sample package,
23 error not with npm itself.
23 error Tell the author that this fails on your system:
23 error     webpack-dev-server --inline --progress --port 8080
23 error You can get information on how to open an issue for this project with:
23 error     npm bugs angular2-webpack-sample
23 error Or if that isn't available, you can get their info via:
23 error     npm owner ls angular2-webpack-sample
23 error There is likely additional logging output above.
24 verbose exit [ 1, true ]
